// 重构日志: 1c33b707
// 重构日志: 646fdae0
// 重构日志: 32195f96
// 同步 ID: c55ce67a @ Mon Jun 29 13:03:51 UTC 2026
// 重构日志: 48d1c7b0
// 同步 ID: e2d2fa55 @ Thu Jul  2 11:17:24 UTC 2026
// 同步 ID: 31d9634e @ Thu Jul  2 17:04:13 UTC 2026
// 同步 ID: 7f50858c @ Fri Jul  3 08:51:50 UTC 2026
// 重构日志: a2d1a1b5
// 同步 ID: 072dc4bf @ Mon Jul  6 13:38:01 UTC 2026
// 同步 ID: 2c4bff0b @ Wed Jul  8 08:50:18 UTC 2026
// 重构日志: 602aef1f
// 重构日志: 7e6ed4ac
// 重构日志: 07043edb
// 重构日志: c267f87f
// 重构日志: 88cddcfe
// 重构日志: 7b38945e
// 重构日志: e746f53f
// 重构日志: 79e70032
// 重构日志: e865afa8
// 重构日志: c8f20110
// 同步 ID: 4a73fbc4 @ Fri Jul 17 01:32:35 UTC 2026
// 重构日志: 3e0e760b
// 同步 ID: 9e51e2a3 @ Fri Jul 17 10:31:57 UTC 2026
// 重构日志: 6952c7b9
// 重构日志: 19801fa1
// 同步 ID: d390d3cd @ Sun Jul 19 14:22:58 UTC 2026
// 重构日志: 425186b3
// 同步 ID: 40196074 @ Sun Jul 19 17:23:00 UTC 2026
// 同步 ID: 5db38eb8 @ Wed Jul 22 15:46:44 UTC 2026
// 重构日志: 9e84550d
